<?xml version="1.0" encoding="UTF-8"?>
<robot generator="Robot 6.0.1 (Python 3.11.0 on win32)" generated="20221203 11:12:09.751" rpa="false" schemaversion="3">
<suite id="s1" name="Demosite" source="H:\Robot framework practice\practice1\demosite.robot">
<test id="s1-t1" name="Testcase" line="43">
<kw name="opening a url">
<kw name="Open Browser" library="SeleniumLibrary">
<arg>${url}</arg>
<arg>${browser}</arg>
<doc>Opens a new browser instance to the optional ``url``.</doc>
<msg timestamp="20221203 11:12:11.856" level="INFO">Opening browser 'chrome' to base url 'https://dineshvelhal.github.io/testautomation-playground/login.html'.</msg>
<status status="PASS" starttime="20221203 11:12:11.853" endtime="20221203 11:12:23.137"/>
</kw>
<kw name="Maximize Browser Window" library="SeleniumLibrary">
<doc>Maximizes current browser window.</doc>
<status status="PASS" starttime="20221203 11:12:23.138" endtime="20221203 11:12:23.327"/>
</kw>
<kw name="Click Element" library="SeleniumLibrary">
<arg>${username}</arg>
<doc>Click the element identified by ``locator``.</doc>
<msg timestamp="20221203 11:12:23.329" level="INFO">Clicking element 'xpath = //*[@placeholder='Username']'.</msg>
<status status="PASS" starttime="20221203 11:12:23.327" endtime="20221203 11:12:24.087"/>
</kw>
<kw name="Input Text" library="SeleniumLibrary">
<arg>${username}</arg>
<arg>${uname}</arg>
<doc>Types the given ``text`` into the text field identified by ``locator``.</doc>
<msg timestamp="20221203 11:12:24.088" level="INFO">Typing text 'admin' into text field 'xpath = //*[@placeholder='Username']'.</msg>
<status status="PASS" starttime="20221203 11:12:24.087" endtime="20221203 11:12:24.309"/>
</kw>
<kw name="Click Element" library="SeleniumLibrary">
<arg>${password}</arg>
<doc>Click the element identified by ``locator``.</doc>
<msg timestamp="20221203 11:12:24.312" level="INFO">Clicking element 'xpath = //*[@placeholder='Password']'.</msg>
<status status="PASS" starttime="20221203 11:12:24.309" endtime="20221203 11:12:24.398"/>
</kw>
<kw name="Input Password" library="SeleniumLibrary">
<arg>${password}</arg>
<arg>${pwd}</arg>
<doc>Types the given password into the text field identified by ``locator``.</doc>
<msg timestamp="20221203 11:12:24.401" level="INFO">Typing password into text field 'xpath = //*[@placeholder='Password']'.</msg>
<msg timestamp="20221203 11:12:24.456" level="INFO">Temporally setting log level to: NONE</msg>
<msg timestamp="20221203 11:12:24.509" level="INFO">Log level changed from NONE to INFO.</msg>
<status status="PASS" starttime="20221203 11:12:24.399" endtime="20221203 11:12:24.509"/>
</kw>
<kw name="Click Button" library="SeleniumLibrary">
<arg>${btn}</arg>
<doc>Clicks the button identified by ``locator``.</doc>
<msg timestamp="20221203 11:12:24.511" level="INFO">Clicking button 'xpath = //*[@id='login']'.</msg>
<status status="PASS" starttime="20221203 11:12:24.510" endtime="20221203 11:12:26.057"/>
</kw>
<status status="PASS" starttime="20221203 11:12:11.852" endtime="20221203 11:12:26.057"/>
</kw>
<kw name="Adding details">
<kw name="Select Radio Button" library="SeleniumLibrary">
<arg>${gname}</arg>
<arg>${psize}</arg>
<doc>Sets the radio button group ``group_name`` to ``value``.</doc>
<msg timestamp="20221203 11:12:26.059" level="INFO">Selecting 'xpath = //*[@value='MEDIUM']' from radio button 'xpath = //*[@class='form-group']'.</msg>
<msg timestamp="20221203 11:12:26.477" level="INFO" html="true">&lt;/td&gt;&lt;/tr&gt;&lt;tr&gt;&lt;td colspan="3"&gt;&lt;a href="selenium-screenshot-122.png"&gt;&lt;img src="selenium-screenshot-122.png" width="800px"&gt;&lt;/a&gt;</msg>
<msg timestamp="20221203 11:12:26.478" level="FAIL">InvalidSelectorException: Message: invalid selector: Unable to locate an element with the xpath expression //input[@type='radio' and @name='xpath = //*[@class='form-group']' and (@value='xpath = //*[@value='MEDIUM']' or @id='xpath = //*[@value='MEDIUM']')] because of the following error:
SyntaxError: Failed to execute 'evaluate' on 'Document': The string '//input[@type='radio' and @name='xpath = //*[@class='form-group']' and (@value='xpath = //*[@value='MEDIUM']' or @id='xpath = //*[@value='MEDIUM']')]' is not a valid XPath expression.
  (Session info: chrome=107.0.5304.123)
Stacktrace:
Backtrace:
	Ordinal0 [0x0047ACD3+2075859]
	Ordinal0 [0x0040EE61+1633889]
	Ordinal0 [0x0030B7BD+571325]
	Ordinal0 [0x0030E374+582516]
	Ordinal0 [0x0030E225+582181]
	Ordinal0 [0x0030E4C0+582848]
	Ordinal0 [0x0033A9A2+764322]
	Ordinal0 [0x0033AE1B+765467]
	Ordinal0 [0x0036D12C+971052]
	Ordinal0 [0x00357364+881508]
	Ordinal0 [0x0036B56A+963946]
	Ordinal0 [0x00357136+880950]
	Ordinal0 [0x0032FEFD+720637]
	Ordinal0 [0x00330F3F+724799]
	GetHandleVerifier [0x0072EED2+2769538]
	GetHandleVerifier [0x00720D95+2711877]
	GetHandleVerifier [0x0050A03A+521194]
	GetHandleVerifier [0x00508DA0+516432]
	Ordinal0 [0x0041682C+1665068]
	Ordinal0 [0x0041B128+1683752]
	Ordinal0 [0x0041B215+1683989]
	Ordinal0 [0x00426484+1729668]
	BaseThreadInitThunk [0x7672FEF9+25]
	RtlGetAppContainerNamedObjectPath [0x77A97BBE+286]
	RtlGetAppContainerNamedObjectPath [0x77A97B8E+238]
</msg>
<status status="FAIL" starttime="20221203 11:12:26.059" endtime="20221203 11:12:26.937"/>
</kw>
<kw name="Select Radio Button" library="SeleniumLibrary">
<arg>${gname}</arg>
<arg>${souce}</arg>
<doc>Sets the radio button group ``group_name`` to ``value``.</doc>
<status status="NOT RUN" starttime="20221203 11:12:26.937" endtime="20221203 11:12:26.937"/>
</kw>
<kw name="Select Checkbox" library="SeleniumLibrary">
<arg>${toppings}</arg>
<doc>Selects the checkbox identified by ``locator``.</doc>
<status status="NOT RUN" starttime="20221203 11:12:26.937" endtime="20221203 11:12:26.937"/>
</kw>
<kw name="Click Element" library="SeleniumLibrary">
<arg>${quantity}</arg>
<doc>Click the element identified by ``locator``.</doc>
<status status="NOT RUN" starttime="20221203 11:12:26.937" endtime="20221203 11:12:26.937"/>
</kw>
<kw name="Input Text" library="SeleniumLibrary">
<arg>${quantity}</arg>
<arg>${qua}</arg>
<doc>Types the given ``text`` into the text field identified by ``locator``.</doc>
<status status="NOT RUN" starttime="20221203 11:12:26.937" endtime="20221203 11:12:26.938"/>
</kw>
<kw name="Click Button" library="SeleniumLibrary">
<arg>${button}</arg>
<doc>Clicks the button identified by ``locator``.</doc>
<status status="NOT RUN" starttime="20221203 11:12:26.938" endtime="20221203 11:12:26.938"/>
</kw>
<status status="FAIL" starttime="20221203 11:12:26.058" endtime="20221203 11:12:26.938"/>
</kw>
<status status="FAIL" starttime="20221203 11:12:11.850" endtime="20221203 11:12:26.939">InvalidSelectorException: Message: invalid selector: Unable to locate an element with the xpath expression //input[@type='radio' and @name='xpath = //*[@class='form-group']' and (@value='xpath = //*[@value='MEDIUM']' or @id='xpath = //*[@value='MEDIUM']')] because of the following error:
SyntaxError: Failed to execute 'evaluate' on 'Document': The string '//input[@type='radio' and @name='xpath = //*[@class='form-group']' and (@value='xpath = //*[@value='MEDIUM']' or @id='xpath = //*[@value='MEDIUM']')]' is not a valid XPath expression.
  (Session info: chrome=107.0.5304.123)
Stacktrace:
Backtrace:
	Ordinal0 [0x0047ACD3+2075859]
	Ordinal0 [0x0040EE61+1633889]
	Ordinal0 [0x0030B7BD+571325]
	Ordinal0 [0x0030E374+582516]
	Ordinal0 [0x0030E225+582181]
	Ordinal0 [0x0030E4C0+582848]
	Ordinal0 [0x0033A9A2+764322]
	Ordinal0 [0x0033AE1B+765467]
	Ordinal0 [0x0036D12C+971052]
	Ordinal0 [0x00357364+881508]
	Ordinal0 [0x0036B56A+963946]
	Ordinal0 [0x00357136+880950]
	Ordinal0 [0x0032FEFD+720637]
	Ordinal0 [0x00330F3F+724799]
	GetHandleVerifier [0x0072EED2+2769538]
	GetHandleVerifier [0x00720D95+2711877]
	GetHandleVerifier [0x0050A03A+521194]
	GetHandleVerifier [0x00508DA0+516432]
	Ordinal0 [0x0041682C+1665068]
	Ordinal0 [0x0041B128+1683752]
	Ordinal0 [0x0041B215+1683989]
	Ordinal0 [0x00426484+1729668]
	BaseThreadInitThunk [0x7672FEF9+25]
	RtlGetAppContainerNamedObjectPath [0x77A97BBE+286]
	RtlGetAppContainerNamedObjectPath [0x77A97B8E+238]
</status>
</test>
<status status="FAIL" starttime="20221203 11:12:09.755" endtime="20221203 11:12:26.950"/>
</suite>
<statistics>
<total>
<stat pass="0" fail="1" skip="0">All Tests</stat>
</total>
<tag>
</tag>
<suite>
<stat pass="0" fail="1" skip="0" id="s1" name="Demosite">Demosite</stat>
</suite>
</statistics>
<errors>
</errors>
</robot>
